[2024-05-09 01:48:28] local.ERROR: file_put_contents(C:\Users\flore\OneDrive\Documentos\multi\Shaba_API\storage\oauth-public.key): Failed to open stream: No such file or directory {"exception":"[object] (ErrorException(code: 0): file_put_contents(C:\\Users\\flore\\OneDrive\\Documentos\\multi\\Shaba_API\\storage\\oauth-public.key): Failed to open stream: No such file or directory at C:\\Users\\flore\\OneDrive\\Documentos\\multi\\Shaba_API\\vendor\\laravel\\passport\\src\\Console\\KeysCommand.php:56)
[stacktrace]
#0 C:\\Users\\flore\\OneDrive\\Documentos\\multi\\Shaba_API\\vendor\\laravel\\framework\\src\\Illuminate\\Foundation\\Bootstrap\\HandleExceptions.php(256): Illuminate\\Foundation\\Bootstrap\\HandleExceptions->handleError(2, 'file_put_conten...', 'C:\\\\Users\\\\flore\\\\...', 56)
#1 [internal function]: Illuminate\\Foundation\\Bootstrap\\HandleExceptions->Illuminate\\Foundation\\Bootstrap\\{closure}(2, 'file_put_conten...', 'C:\\\\Users\\\\flore\\\\...', 56)
#2 C:\\Users\\flore\\OneDrive\\Documentos\\multi\\Shaba_API\\vendor\\laravel\\passport\\src\\Console\\KeysCommand.php(56): file_put_contents('C:\\\\Users\\\\flore\\\\...', '-----BEGIN PUBL...')
#3 C:\\Users\\flore\\OneDrive\\Documentos\\multi\\Shaba_API\\vendor\\laravel\\framework\\src\\Illuminate\\Container\\BoundMethod.php(36): Laravel\\Passport\\Console\\KeysCommand->handle()
#4 C:\\Users\\flore\\OneDrive\\Documentos\\multi\\Shaba_API\\vendor\\laravel\\framework\\src\\Illuminate\\Container\\Util.php(41): Illuminate\\Container\\BoundMethod::Illuminate\\Container\\{closure}()
#5 C:\\Users\\flore\\OneDrive\\Documentos\\multi\\Shaba_API\\vendor\\laravel\\framework\\src\\Illuminate\\Container\\BoundMethod.php(93): Illuminate\\Container\\Util::unwrapIfClosure(Object(Closure))
#6 C:\\Users\\flore\\OneDrive\\Documentos\\multi\\Shaba_API\\vendor\\laravel\\framework\\src\\Illuminate\\Container\\BoundMethod.php(35): Illuminate\\Container\\BoundMethod::callBoundMethod(Object(Illuminate\\Foundation\\Application), Array, Object(Closure))
#7 C:\\Users\\flore\\OneDrive\\Documentos\\multi\\Shaba_API\\vendor\\laravel\\framework\\src\\Illuminate\\Container\\Container.php(662): Illuminate\\Container\\BoundMethod::call(Object(Illuminate\\Foundation\\Application), Array, Array, NULL)
#8 C:\\Users\\flore\\OneDrive\\Documentos\\multi\\Shaba_API\\vendor\\laravel\\framework\\src\\Illuminate\\Console\\Command.php(212): Illuminate\\Container\\Container->call(Array)
#9 C:\\Users\\flore\\OneDrive\\Documentos\\multi\\Shaba_API\\vendor\\symfony\\console\\Command\\Command.php(279): Illuminate\\Console\\Command->execute(Object(Symfony\\Component\\Console\\Input\\ArrayInput), Object(Illuminate\\Console\\OutputStyle))
#10 C:\\Users\\flore\\OneDrive\\Documentos\\multi\\Shaba_API\\vendor\\laravel\\framework\\src\\Illuminate\\Console\\Command.php(181): Symfony\\Component\\Console\\Command\\Command->run(Object(Symfony\\Component\\Console\\Input\\ArrayInput), Object(Illuminate\\Console\\OutputStyle))
#11 C:\\Users\\flore\\OneDrive\\Documentos\\multi\\Shaba_API\\vendor\\laravel\\framework\\src\\Illuminate\\Console\\Concerns\\CallsCommands.php(67): Illuminate\\Console\\Command->run(Object(Symfony\\Component\\Console\\Input\\ArrayInput), Object(Illuminate\\Console\\OutputStyle))
#12 C:\\Users\\flore\\OneDrive\\Documentos\\multi\\Shaba_API\\vendor\\laravel\\framework\\src\\Illuminate\\Console\\Concerns\\CallsCommands.php(28): Illuminate\\Console\\Command->runCommand('passport:keys', Array, Object(Illuminate\\Console\\OutputStyle))
#13 C:\\Users\\flore\\OneDrive\\Documentos\\multi\\Shaba_API\\vendor\\laravel\\passport\\src\\Console\\InstallCommand.php(36): Illuminate\\Console\\Command->call('passport:keys', Array)
#14 C:\\Users\\flore\\OneDrive\\Documentos\\multi\\Shaba_API\\vendor\\laravel\\framework\\src\\Illuminate\\Container\\BoundMethod.php(36): Laravel\\Passport\\Console\\InstallCommand->handle()
#15 C:\\Users\\flore\\OneDrive\\Documentos\\multi\\Shaba_API\\vendor\\laravel\\framework\\src\\Illuminate\\Container\\Util.php(41): Illuminate\\Container\\BoundMethod::Illuminate\\Container\\{closure}()
#16 C:\\Users\\flore\\OneDrive\\Documentos\\multi\\Shaba_API\\vendor\\laravel\\framework\\src\\Illuminate\\Container\\BoundMethod.php(93): Illuminate\\Container\\Util::unwrapIfClosure(Object(Closure))
#17 C:\\Users\\flore\\OneDrive\\Documentos\\multi\\Shaba_API\\vendor\\laravel\\framework\\src\\Illuminate\\Container\\BoundMethod.php(35): Illuminate\\Container\\BoundMethod::callBoundMethod(Object(Illuminate\\Foundation\\Application), Array, Object(Closure))
#18 C:\\Users\\flore\\OneDrive\\Documentos\\multi\\Shaba_API\\vendor\\laravel\\framework\\src\\Illuminate\\Container\\Container.php(662): Illuminate\\Container\\BoundMethod::call(Object(Illuminate\\Foundation\\Application), Array, Array, NULL)
#19 C:\\Users\\flore\\OneDrive\\Documentos\\multi\\Shaba_API\\vendor\\laravel\\framework\\src\\Illuminate\\Console\\Command.php(212): Illuminate\\Container\\Container->call(Array)
#20 C:\\Users\\flore\\OneDrive\\Documentos\\multi\\Shaba_API\\vendor\\symfony\\console\\Command\\Command.php(279): Illuminate\\Console\\Command->execute(Object(Symfony\\Component\\Console\\Input\\ArgvInput), Object(Illuminate\\Console\\OutputStyle))
#21 C:\\Users\\flore\\OneDrive\\Documentos\\multi\\Shaba_API\\vendor\\laravel\\framework\\src\\Illuminate\\Console\\Command.php(181): Symfony\\Component\\Console\\Command\\Command->run(Object(Symfony\\Component\\Console\\Input\\ArgvInput), Object(Illuminate\\Console\\OutputStyle))
#22 C:\\Users\\flore\\OneDrive\\Documentos\\multi\\Shaba_API\\vendor\\symfony\\console\\Application.php(1049): Illuminate\\Console\\Command->run(Object(Symfony\\Component\\Console\\Input\\ArgvInput), Object(Symfony\\Component\\Console\\Output\\ConsoleOutput))
#23 C:\\Users\\flore\\OneDrive\\Documentos\\multi\\Shaba_API\\vendor\\symfony\\console\\Application.php(318): Symfony\\Component\\Console\\Application->doRunCommand(Object(Laravel\\Passport\\Console\\InstallCommand), Object(Symfony\\Component\\Console\\Input\\ArgvInput), Object(Symfony\\Component\\Console\\Output\\ConsoleOutput))
#24 C:\\Users\\flore\\OneDrive\\Documentos\\multi\\Shaba_API\\vendor\\symfony\\console\\Application.php(169): Symfony\\Component\\Console\\Application->doRun(Object(Symfony\\Component\\Console\\Input\\ArgvInput), Object(Symfony\\Component\\Console\\Output\\ConsoleOutput))
#25 C:\\Users\\flore\\OneDrive\\Documentos\\multi\\Shaba_API\\vendor\\laravel\\framework\\src\\Illuminate\\Foundation\\Console\\Kernel.php(196): Symfony\\Component\\Console\\Application->run(Object(Symfony\\Component\\Console\\Input\\ArgvInput), Object(Symfony\\Component\\Console\\Output\\ConsoleOutput))
#26 C:\\Users\\flore\\OneDrive\\Documentos\\multi\\Shaba_API\\vendor\\laravel\\framework\\src\\Illuminate\\Foundation\\Application.php(1187): Illuminate\\Foundation\\Console\\Kernel->handle(Object(Symfony\\Component\\Console\\Input\\ArgvInput), Object(Symfony\\Component\\Console\\Output\\ConsoleOutput))
#27 C:\\Users\\flore\\OneDrive\\Documentos\\multi\\Shaba_API\\artisan(13): Illuminate\\Foundation\\Application->handleCommand(Object(Symfony\\Component\\Console\\Input\\ArgvInput))
#28 {main}
"} 
